[2026-03-13 14:45:33] [WARNING] [app-06] SLOW_RESPONSE: Response time degraded
[2026-03-10 07:45:33] [WARNING] [web-01] CACHE_MISS: Cache miss rate elevated
[2026-03-14 11:45:33] [WARNING] [app-05] MEMORY_ELEVATED: Memory utilization exceeded 75%
[2026-03-15 19:45:33] [WARNING] [app-05] LOG_VOLUME: Log volume increased significantly
[2026-03-22 19:45:33] [WARNING] [app-03] CPU_ELEVATED: CPU utilization exceeded 80%
[2026-03-13 02:45:33] [WARNING] [app-04] CPU_ELEVATED: CPU utilization exceeded 80%
[2026-03-11 16:45:33] [WARNING] [web-03] SLOW_RESPONSE: Response time degraded
[2026-03-13 20:45:33] [WARNING] [web-01] MEMORY_ELEVATED: Memory utilization exceeded 75%
[2026-02-23 18:45:33] [WARNING] [web-02] CACHE_MISS: Cache miss rate elevated
[2026-03-23 21:45:33] [WARNING] [app-05] SLOW_RESPONSE: Response time degraded
[2026-03-01 01:45:33] [WARNING] [app-05] MEMORY_ELEVATED: Memory utilization exceeded 75%
[2026-03-04 08:45:33] [WARNING] [db-primary] DISK_SPACE: Disk usage exceeded 80%
[2026-03-05 04:45:33] [WARNING] [web-01] LOG_VOLUME: Log volume increased significantly
[2026-02-22 10:45:33] [WARNING] [web-05] CPU_ELEVATED: CPU utilization exceeded 80%
[2026-02-26 22:45:33] [WARNING] [web-02] CPU_ELEVATED: CPU utilization exceeded 80%
[2026-03-09 05:45:33] [WARNING] [app-02] SLOW_RESPONSE: Response time degraded
[2026-03-13 10:45:33] [WARNING] [db-replica] CACHE_MISS: Cache miss rate elevated
[2026-02-24 04:45:33] [WARNING] [db-replica] MEMORY_ELEVATED: Memory utilization exceeded 75%
[2026-03-21 08:45:33] [WARNING] [web-03] CPU_ELEVATED: CPU utilization exceeded 80%
[2026-02-22 11:45:33] [WARNING] [app-04] CPU_ELEVATED: CPU utilization exceeded 80%
[2026-03-21 17:45:33] [WARNING] [app-03] DISK_SPACE: Disk usage exceeded 80%
[2026-03-04 13:45:33] [WARNING] [app-04] DISK_SPACE: Disk usage exceeded 80%
[2026-03-04 10:45:33] [WARNING] [app-03] SLOW_RESPONSE: Response time degraded
[2026-03-23 08:45:33] [WARNING] [app-05] CPU_ELEVATED: CPU utilization exceeded 80%
[2026-02-26 10:45:33] [WARNING] [db-replica] CONNECTION_POOL: Database connection pool at 70%
[2026-03-22 12:45:33] [WARNING] [db-primary] SLOW_RESPONSE: Response time degraded
[2026-03-18 05:45:33] [WARNING] [app-02] LOG_VOLUME: Log volume increased significantly
[2026-02-25 04:45:33] [WARNING] [app-04] CPU_ELEVATED: CPU utilization exceeded 80%
[2026-03-04 19:45:33] [WARNING] [web-01] SLOW_RESPONSE: Response time degraded
[2026-03-07 19:45:33] [WARNING] [web-04] DISK_SPACE: Disk usage exceeded 80%
[2026-03-02 16:45:33] [WARNING] [db-primary] CONNECTION_POOL: Database connection pool at 70%
[2026-03-19 23:45:33] [WARNING] [app-06] CACHE_MISS: Cache miss rate elevated
[2026-03-11 09:45:33] [WARNING] [app-04] CPU_ELEVATED: CPU utilization exceeded 80%
[2026-03-21 18:45:33] [WARNING] [db-replica] DISK_SPACE: Disk usage exceeded 80%
[2026-03-09 18:45:33] [WARNING] [app-02] SLOW_RESPONSE: Response time degraded
[2026-03-08 09:45:33] [WARNING] [db-primary] LOG_VOLUME: Log volume increased significantly
[2026-03-19 09:45:33] [WARNING] [web-02] CPU_ELEVATED: CPU utilization exceeded 80%
[2026-03-21 15:45:33] [WARNING] [web-01] CPU_ELEVATED: CPU utilization exceeded 80%
[2026-03-07 10:45:33] [WARNING] [web-02] DISK_SPACE: Disk usage exceeded 80%
[2026-03-23 21:45:33] [WARNING] [app-01] SLOW_RESPONSE: Response time degraded
[2026-02-28 14:45:33] [WARNING] [db-replica] SLOW_RESPONSE: Response time degraded
[2026-03-20 00:45:33] [WARNING] [web-04] LOG_VOLUME: Log volume increased significantly
[2026-02-25 06:45:33] [WARNING] [web-01] SLOW_RESPONSE: Response time degraded
[2026-02-26 11:45:33] [WARNING] [web-03] DISK_SPACE: Disk usage exceeded 80%
[2026-03-05 19:45:33] [WARNING] [app-06] MEMORY_ELEVATED: Memory utilization exceeded 75%
[2026-03-01 12:45:33] [WARNING] [app-06] DISK_SPACE: Disk usage exceeded 80%
[2026-03-10 21:45:33] [WARNING] [web-01] DISK_SPACE: Disk usage exceeded 80%
[2026-03-16 21:45:33] [WARNING] [app-02] SLOW_RESPONSE: Response time degraded
[2026-02-27 21:45:33] [WARNING] [web-02] CONNECTION_POOL: Database connection pool at 70%
[2026-03-10 05:45:33] [WARNING] [web-04] SLOW_RESPONSE: Response time degraded
[2026-03-13 11:45:33] [WARNING] [app-03] SLOW_RESPONSE: Response time degraded
[2026-03-04 10:45:33] [WARNING] [web-04] CPU_ELEVATED: CPU utilization exceeded 80%
[2026-03-03 21:45:33] [WARNING] [db-primary] CONNECTION_POOL: Database connection pool at 70%
[2026-03-07 09:45:33] [WARNING] [web-02] CONNECTION_POOL: Database connection pool at 70%
[2026-03-14 02:45:33] [WARNING] [web-01] SLOW_RESPONSE: Response time degraded
[2026-02-24 23:45:33] [WARNING] [db-replica] CACHE_MISS: Cache miss rate elevated
[2026-03-13 14:45:33] [WARNING] [web-02] MEMORY_ELEVATED: Memory utilization exceeded 75%
[2026-03-15 13:45:33] [WARNING] [web-05] DISK_SPACE: Disk usage exceeded 80%
[2026-03-16 09:45:33] [WARNING] [db-primary] MEMORY_ELEVATED: Memory utilization exceeded 75%
[2026-03-23 14:45:33] [WARNING] [web-01] CONNECTION_POOL: Database connection pool at 70%
[2026-03-23 07:45:33] [WARNING] [app-06] LOG_VOLUME: Log volume increased significantly
[2026-03-14 08:45:33] [WARNING] [db-primary] SLOW_RESPONSE: Response time degraded
[2026-03-22 00:45:33] [WARNING] [web-04] CPU_ELEVATED: CPU utilization exceeded 80%
[2026-03-11 21:45:33] [WARNING] [web-05] CACHE_MISS: Cache miss rate elevated
[2026-03-07 19:45:33] [WARNING] [web-05] MEMORY_ELEVATED: Memory utilization exceeded 75%
[2026-03-12 03:45:33] [WARNING] [web-02] LOG_VOLUME: Log volume increased significantly
[2026-03-12 15:45:33] [WARNING] [db-primary] CONNECTION_POOL: Database connection pool at 70%
[2026-02-23 08:45:33] [WARNING] [web-02] SLOW_RESPONSE: Response time degraded
[2026-03-02 05:45:33] [WARNING] [app-01] MEMORY_ELEVATED: Memory utilization exceeded 75%
[2026-03-18 19:45:33] [WARNING] [db-primary] MEMORY_ELEVATED: Memory utilization exceeded 75%
[2026-03-10 20:45:33] [WARNING] [web-01] SLOW_RESPONSE: Response time degraded
[2026-03-04 11:45:33] [WARNING] [app-01] CACHE_MISS: Cache miss rate elevated
[2026-03-02 12:45:33] [WARNING] [app-06] SLOW_RESPONSE: Response time degraded
[2026-03-23 00:45:33] [WARNING] [db-primary] MEMORY_ELEVATED: Memory utilization exceeded 75%
[2026-03-08 12:45:33] [WARNING] [app-06] MEMORY_ELEVATED: Memory utilization exceeded 75%
[2026-03-23 05:45:33] [WARNING] [db-primary] CACHE_MISS: Cache miss rate elevated
[2026-02-26 05:45:33] [WARNING] [web-05] CACHE_MISS: Cache miss rate elevated
[2026-03-04 07:45:33] [WARNING] [web-02] MEMORY_ELEVATED: Memory utilization exceeded 75%
[2026-03-22 07:45:33] [WARNING] [web-04] CONNECTION_POOL: Database connection pool at 70%
[2026-03-08 06:45:33] [WARNING] [web-05] DISK_SPACE: Disk usage exceeded 80%
[2026-02-27 17:45:33] [WARNING] [web-01] LOG_VOLUME: Log volume increased significantly
[2026-02-26 21:45:33] [WARNING] [app-04] MEMORY_ELEVATED: Memory utilization exceeded 75%
[2026-03-06 09:45:33] [WARNING] [web-03] SLOW_RESPONSE: Response time degraded
[2026-03-05 12:45:33] [WARNING] [web-01] LOG_VOLUME: Log volume increased significantly
[2026-02-24 02:45:33] [WARNING] [app-04] LOG_VOLUME: Log volume increased significantly
[2026-03-04 11:45:33] [WARNING] [app-01] CONNECTION_POOL: Database connection pool at 70%
[2026-03-03 12:45:33] [WARNING] [app-01] DISK_SPACE: Disk usage exceeded 80%
[2026-03-18 20:45:33] [WARNING] [app-06] MEMORY_ELEVATED: Memory utilization exceeded 75%
[2026-03-12 00:45:33] [WARNING] [app-03] CONNECTION_POOL: Database connection pool at 70%
[2026-03-21 02:45:33] [WARNING] [web-04] LOG_VOLUME: Log volume increased significantly
[2026-02-26 15:45:33] [WARNING] [app-01] CACHE_MISS: Cache miss rate elevated
[2026-03-11 06:45:33] [WARNING] [web-03] CONNECTION_POOL: Database connection pool at 70%
[2026-03-22 02:45:33] [WARNING] [db-primary] MEMORY_ELEVATED: Memory utilization exceeded 75%
[2026-03-08 19:45:33] [WARNING] [db-primary] DISK_SPACE: Disk usage exceeded 80%
[2026-03-03 22:45:33] [WARNING] [web-04] CACHE_MISS: Cache miss rate elevated
[2026-03-14 06:45:33] [WARNING] [db-primary] LOG_VOLUME: Log volume increased significantly
[2026-03-05 06:45:33] [WARNING] [web-04] DISK_SPACE: Disk usage exceeded 80%
[2026-03-22 21:45:33] [WARNING] [web-02] LOG_VOLUME: Log volume increased significantly
[2026-03-16 21:45:33] [WARNING] [app-05] CONNECTION_POOL: Database connection pool at 70%
[2026-03-05 23:45:33] [WARNING] [app-02] DISK_SPACE: Disk usage exceeded 80%
[2026-03-09 10:45:33] [WARNING] [app-03] SLOW_RESPONSE: Response time degraded
[2026-03-16 18:45:33] [WARNING] [app-05] MEMORY_ELEVATED: Memory utilization exceeded 75%
[2026-02-23 04:45:33] [WARNING] [web-01] CONNECTION_POOL: Database connection pool at 70%
[2026-03-17 20:45:33] [WARNING] [app-02] CPU_ELEVATED: CPU utilization exceeded 80%
[2026-03-17 09:45:33] [WARNING] [web-05] LOG_VOLUME: Log volume increased significantly
[2026-02-27 14:45:33] [WARNING] [web-02] DISK_SPACE: Disk usage exceeded 80%
[2026-02-25 19:45:33] [WARNING] [app-04] LOG_VOLUME: Log volume increased significantly
[2026-03-12 03:45:33] [WARNING] [db-replica] MEMORY_ELEVATED: Memory utilization exceeded 75%
[2026-03-16 19:45:33] [WARNING] [web-03] CONNECTION_POOL: Database connection pool at 70%
[2026-03-19 03:45:33] [WARNING] [app-03] CACHE_MISS: Cache miss rate elevated
[2026-03-08 16:45:33] [WARNING] [app-05] DISK_SPACE: Disk usage exceeded 80%
[2026-03-15 20:45:33] [WARNING] [app-02] SLOW_RESPONSE: Response time degraded
[2026-03-06 14:45:33] [WARNING] [web-05] CONNECTION_POOL: Database connection pool at 70%
[2026-03-04 00:45:33] [WARNING] [app-02] LOG_VOLUME: Log volume increased significantly
[2026-03-17 03:45:33] [WARNING] [db-primary] SLOW_RESPONSE: Response time degraded
[2026-03-01 12:45:33] [WARNING] [web-03] LOG_VOLUME: Log volume increased significantly
[2026-03-17 19:45:33] [WARNING] [web-03] SLOW_RESPONSE: Response time degraded
[2026-03-01 16:45:33] [WARNING] [web-03] MEMORY_ELEVATED: Memory utilization exceeded 75%
[2026-03-22 20:45:33] [WARNING] [app-06] MEMORY_ELEVATED: Memory utilization exceeded 75%
[2026-03-04 18:45:33] [WARNING] [app-05] CPU_ELEVATED: CPU utilization exceeded 80%
[2026-03-02 04:45:33] [WARNING] [app-06] DISK_SPACE: Disk usage exceeded 80%
[2026-03-06 03:45:33] [WARNING] [web-04] LOG_VOLUME: Log volume increased significantly
[2026-03-08 22:45:33] [WARNING] [app-03] MEMORY_ELEVATED: Memory utilization exceeded 75%
[2026-03-20 11:45:33] [WARNING] [app-04] CPU_ELEVATED: CPU utilization exceeded 80%
[2026-03-09 12:45:33] [WARNING] [web-04] CONNECTION_POOL: Database connection pool at 70%
[2026-03-02 23:45:33] [WARNING] [app-06] CPU_ELEVATED: CPU utilization exceeded 80%
[2026-03-24 03:45:33] [WARNING] [web-03] MEMORY_ELEVATED: Memory utilization exceeded 75%
[2026-03-23 21:45:33] [WARNING] [app-06] MEMORY_ELEVATED: Memory utilization exceeded 75%
[2026-03-23 14:45:33] [WARNING] [web-02] CONNECTION_POOL: Database connection pool at 70%
[2026-03-23 16:45:33] [WARNING] [web-03] MEMORY_ELEVATED: Memory utilization exceeded 75%
[2026-03-19 18:45:33] [WARNING] [db-primary] CPU_ELEVATED: CPU utilization exceeded 80%
[2026-03-24 00:45:33] [WARNING] [app-02] MEMORY_ELEVATED: Memory utilization exceeded 75%
[2026-02-23 21:45:33] [WARNING] [app-02] SLOW_RESPONSE: Response time degraded
[2026-03-12 04:45:33] [WARNING] [web-05] SLOW_RESPONSE: Response time degraded
[2026-03-03 08:45:33] [WARNING] [web-01] DISK_SPACE: Disk usage exceeded 80%
[2026-03-20 20:45:33] [WARNING] [app-04] LOG_VOLUME: Log volume increased significantly
[2026-03-09 00:45:33] [WARNING] [web-03] LOG_VOLUME: Log volume increased significantly
[2026-03-16 12:45:33] [WARNING] [web-01] DISK_SPACE: Disk usage exceeded 80%
[2026-03-20 10:45:33] [WARNING] [web-01] DISK_SPACE: Disk usage exceeded 80%
[2026-03-20 09:45:33] [WARNING] [db-primary] MEMORY_ELEVATED: Memory utilization exceeded 75%
[2026-03-03 10:45:33] [WARNING] [db-primary] MEMORY_ELEVATED: Memory utilization exceeded 75%
[2026-02-28 12:45:33] [WARNING] [web-04] MEMORY_ELEVATED: Memory utilization exceeded 75%
[2026-03-16 07:45:33] [WARNING] [app-02] CACHE_MISS: Cache miss rate elevated
[2026-03-17 18:45:33] [WARNING] [db-replica] DISK_SPACE: Disk usage exceeded 80%
[2026-03-08 08:45:33] [WARNING] [app-05] CPU_ELEVATED: CPU utilization exceeded 80%
[2026-03-01 13:45:33] [WARNING] [app-03] LOG_VOLUME: Log volume increased significantly
[2026-03-07 21:45:33] [WARNING] [db-primary] LOG_VOLUME: Log volume increased significantly
[2026-02-25 08:45:33] [WARNING] [app-05] LOG_VOLUME: Log volume increased significantly
[2026-02-24 06:45:33] [WARNING] [app-06] MEMORY_ELEVATED: Memory utilization exceeded 75%
[2026-03-09 08:45:33] [WARNING] [db-primary] MEMORY_ELEVATED: Memory utilization exceeded 75%
[2026-03-12 00:45:33] [WARNING] [app-02] SLOW_RESPONSE: Response time degraded
[2026-03-18 01:45:33] [WARNING] [web-03] LOG_VOLUME: Log volume increased significantly
[2026-03-10 13:45:33] [WARNING] [app-02] LOG_VOLUME: Log volume increased significantly
[2026-03-03 18:45:33] [WARNING] [app-02] CACHE_MISS: Cache miss rate elevated
[2026-03-04 12:45:33] [WARNING] [app-04] CONNECTION_POOL: Database connection pool at 70%
[2026-03-08 07:45:33] [WARNING] [app-05] DISK_SPACE: Disk usage exceeded 80%
[2026-03-13 03:45:33] [WARNING] [web-02] CACHE_MISS: Cache miss rate elevated
[2026-03-16 03:45:33] [WARNING] [db-primary] MEMORY_ELEVATED: Memory utilization exceeded 75%
[2026-03-18 18:45:33] [WARNING] [web-01] SLOW_RESPONSE: Response time degraded
[2026-02-24 10:45:33] [WARNING] [app-02] DISK_SPACE: Disk usage exceeded 80%
[2026-03-21 07:45:33] [WARNING] [app-03] LOG_VOLUME: Log volume increased significantly
[2026-03-11 07:45:33] [WARNING] [web-01] CACHE_MISS: Cache miss rate elevated
[2026-03-18 03:45:33] [WARNING] [db-primary] CONNECTION_POOL: Database connection pool at 70%
[2026-03-23 15:45:33] [WARNING] [app-05] MEMORY_ELEVATED: Memory utilization exceeded 75%
[2026-02-22 17:45:33] [WARNING] [web-05] CPU_ELEVATED: CPU utilization exceeded 80%
[2026-03-22 06:45:33] [WARNING] [app-01] MEMORY_ELEVATED: Memory utilization exceeded 75%
[2026-02-24 22:45:33] [WARNING] [web-01] CONNECTION_POOL: Database connection pool at 70%
[2026-03-20 13:45:33] [WARNING] [app-02] CACHE_MISS: Cache miss rate elevated
[2026-03-20 03:45:33] [WARNING] [app-04] LOG_VOLUME: Log volume increased significantly
[2026-02-23 14:45:33] [WARNING] [web-05] SLOW_RESPONSE: Response time degraded
[2026-03-21 11:45:33] [WARNING] [app-04] MEMORY_ELEVATED: Memory utilization exceeded 75%
[2026-03-08 04:45:33] [WARNING] [db-primary] SLOW_RESPONSE: Response time degraded
[2026-03-10 02:45:33] [WARNING] [app-02] MEMORY_ELEVATED: Memory utilization exceeded 75%
[2026-03-09 07:45:33] [WARNING] [app-04] SLOW_RESPONSE: Response time degraded
[2026-03-14 20:45:33] [WARNING] [web-02] DISK_SPACE: Disk usage exceeded 80%
[2026-03-19 11:45:33] [WARNING] [web-05] CPU_ELEVATED: CPU utilization exceeded 80%
[2026-03-02 01:45:33] [WARNING] [app-06] LOG_VOLUME: Log volume increased significantly
[2026-02-28 01:45:33] [WARNING] [db-primary] MEMORY_ELEVATED: Memory utilization exceeded 75%
[2026-03-02 20:45:33] [WARNING] [web-05] SLOW_RESPONSE: Response time degraded
[2026-02-22 21:45:33] [WARNING] [app-03] CONNECTION_POOL: Database connection pool at 70%
[2026-03-13 08:45:33] [WARNING] [web-02] CPU_ELEVATED: CPU utilization exceeded 80%
[2026-03-10 19:45:33] [WARNING] [app-02] SLOW_RESPONSE: Response time degraded
[2026-03-21 05:45:33] [WARNING] [app-03] DISK_SPACE: Disk usage exceeded 80%
[2026-03-12 01:45:33] [WARNING] [app-06] MEMORY_ELEVATED: Memory utilization exceeded 75%
[2026-03-06 10:45:33] [WARNING] [app-01] CONNECTION_POOL: Database connection pool at 70%
[2026-02-28 01:45:33] [WARNING] [web-05] SLOW_RESPONSE: Response time degraded
[2026-02-23 23:45:33] [WARNING] [app-01] CONNECTION_POOL: Database connection pool at 70%
[2026-03-23 15:45:33] [WARNING] [web-05] CONNECTION_POOL: Database connection pool at 70%
[2026-03-21 14:45:33] [WARNING] [web-05] CONNECTION_POOL: Database connection pool at 70%
[2026-02-23 17:45:33] [WARNING] [web-03] CONNECTION_POOL: Database connection pool at 70%
[2026-03-14 09:45:33] [WARNING] [app-01] MEMORY_ELEVATED: Memory utilization exceeded 75%
[2026-03-13 02:45:33] [WARNING] [web-02] CPU_ELEVATED: CPU utilization exceeded 80%
[2026-03-04 14:45:33] [WARNING] [app-02] CACHE_MISS: Cache miss rate elevated
[2026-03-09 16:45:33] [WARNING] [db-replica] MEMORY_ELEVATED: Memory utilization exceeded 75%
[2026-03-16 19:45:33] [WARNING] [app-05] SLOW_RESPONSE: Response time degraded
[2026-02-28 18:45:33] [WARNING] [db-replica] LOG_VOLUME: Log volume increased significantly
[2026-03-14 21:45:33] [WARNING] [app-04] SLOW_RESPONSE: Response time degraded
[2026-03-05 15:45:33] [WARNING] [app-02] CACHE_MISS: Cache miss rate elevated
[2026-03-13 02:45:33] [WARNING] [db-replica] DISK_SPACE: Disk usage exceeded 80%
[2026-03-20 21:45:33] [WARNING] [web-02] MEMORY_ELEVATED: Memory utilization exceeded 75%
[2026-03-14 19:45:33] [WARNING] [web-01] CONNECTION_POOL: Database connection pool at 70%
[2026-03-18 23:45:33] [WARNING] [web-02] MEMORY_ELEVATED: Memory utilization exceeded 75%
[2026-03-09 09:45:33] [WARNING] [app-04] CPU_ELEVATED: CPU utilization exceeded 80%
[2026-02-25 07:45:33] [WARNING] [app-06] DISK_SPACE: Disk usage exceeded 80%
[2026-02-27 20:45:33] [WARNING] [app-01] CPU_ELEVATED: CPU utilization exceeded 80%
[2026-02-25 08:45:33] [WARNING] [app-03] DISK_SPACE: Disk usage exceeded 80%
[2026-03-13 06:45:33] [WARNING] [app-02] DISK_SPACE: Disk usage exceeded 80%
[2026-03-05 00:45:33] [WARNING] [db-replica] MEMORY_ELEVATED: Memory utilization exceeded 75%
[2026-03-18 21:45:33] [WARNING] [app-01] LOG_VOLUME: Log volume increased significantly
[2026-02-27 21:45:33] [WARNING] [app-05] CPU_ELEVATED: CPU utilization exceeded 80%
[2026-03-13 06:45:33] [WARNING] [web-02] SLOW_RESPONSE: Response time degraded
[2026-03-07 23:45:33] [WARNING] [app-02] SLOW_RESPONSE: Response time degraded
[2026-03-15 06:45:33] [WARNING] [web-03] CACHE_MISS: Cache miss rate elevated
[2026-03-23 13:45:33] [WARNING] [web-03] CACHE_MISS: Cache miss rate elevated
[2026-03-09 12:45:33] [WARNING] [web-05] DISK_SPACE: Disk usage exceeded 80%
[2026-03-23 20:45:33] [WARNING] [web-03] LOG_VOLUME: Log volume increased significantly
[2026-02-25 06:45:33] [WARNING] [web-02] MEMORY_ELEVATED: Memory utilization exceeded 75%
[2026-02-26 19:45:33] [WARNING] [web-03] DISK_SPACE: Disk usage exceeded 80%
[2026-03-12 10:45:33] [WARNING] [app-03] LOG_VOLUME: Log volume increased significantly
[2026-03-03 21:45:33] [WARNING] [db-primary] CPU_ELEVATED: CPU utilization exceeded 80%
[2026-03-13 03:45:33] [WARNING] [web-03] LOG_VOLUME: Log volume increased significantly
[2026-03-09 18:45:33] [WARNING] [app-03] LOG_VOLUME: Log volume increased significantly
[2026-02-26 19:45:33] [WARNING] [app-04] LOG_VOLUME: Log volume increased significantly
[2026-03-21 07:45:33] [WARNING] [web-02] DISK_SPACE: Disk usage exceeded 80%
[2026-03-07 14:45:33] [WARNING] [web-04] MEMORY_ELEVATED: Memory utilization exceeded 75%
[2026-03-13 00:45:33] [WARNING] [web-05] LOG_VOLUME: Log volume increased significantly
[2026-03-19 23:45:33] [WARNING] [web-05] MEMORY_ELEVATED: Memory utilization exceeded 75%
[2026-03-16 01:45:33] [WARNING] [web-03] DISK_SPACE: Disk usage exceeded 80%
[2026-03-08 09:45:33] [WARNING] [web-04] CACHE_MISS: Cache miss rate elevated
[2026-02-22 21:45:33] [WARNING] [app-02] MEMORY_ELEVATED: Memory utilization exceeded 75%
[2026-03-10 05:45:33] [WARNING] [app-02] CACHE_MISS: Cache miss rate elevated
[2026-03-07 22:45:33] [WARNING] [web-05] LOG_VOLUME: Log volume increased significantly
[2026-03-02 13:45:33] [WARNING] [db-replica] MEMORY_ELEVATED: Memory utilization exceeded 75%
[2026-03-19 13:45:33] [WARNING] [app-04] CACHE_MISS: Cache miss rate elevated
[2026-03-06 06:45:33] [WARNING] [app-05] CONNECTION_POOL: Database connection pool at 70%
[2026-03-13 20:45:33] [WARNING] [app-03] CONNECTION_POOL: Database connection pool at 70%
[2026-03-09 14:45:33] [WARNING] [web-05] MEMORY_ELEVATED: Memory utilization exceeded 75%
[2026-03-07 01:45:33] [WARNING] [app-03] CONNECTION_POOL: Database connection pool at 70%
[2026-03-05 20:45:33] [WARNING] [app-02] DISK_SPACE: Disk usage exceeded 80%
[2026-03-21 08:45:33] [WARNING] [app-03] CPU_ELEVATED: CPU utilization exceeded 80%
[2026-03-21 06:45:33] [WARNING] [app-06] DISK_SPACE: Disk usage exceeded 80%
[2026-03-13 06:45:33] [WARNING] [db-replica] DISK_SPACE: Disk usage exceeded 80%
[2026-03-15 07:45:33] [WARNING] [app-02] CACHE_MISS: Cache miss rate elevated
[2026-03-17 15:45:33] [WARNING] [web-02] CONNECTION_POOL: Database connection pool at 70%
[2026-02-26 14:45:33] [WARNING] [app-06] CONNECTION_POOL: Database connection pool at 70%
[2026-03-10 11:45:33] [WARNING] [db-replica] DISK_SPACE: Disk usage exceeded 80%
[2026-03-02 08:45:33] [WARNING] [web-02] MEMORY_ELEVATED: Memory utilization exceeded 75%
[2026-03-11 13:45:33] [WARNING] [app-03] SLOW_RESPONSE: Response time degraded
[2026-03-10 14:45:33] [WARNING] [db-primary] CONNECTION_POOL: Database connection pool at 70%
[2026-03-09 03:45:33] [WARNING] [db-primary] CONNECTION_POOL: Database connection pool at 70%
[2026-03-20 04:45:33] [WARNING] [app-06] CACHE_MISS: Cache miss rate elevated
[2026-03-15 17:45:33] [WARNING] [app-06] CONNECTION_POOL: Database connection pool at 70%
[2026-03-09 09:45:33] [WARNING] [app-01] CONNECTION_POOL: Database connection pool at 70%
[2026-03-19 12:45:33] [WARNING] [web-04] CPU_ELEVATED: CPU utilization exceeded 80%
[2026-03-13 18:45:33] [WARNING] [app-01] SLOW_RESPONSE: Response time degraded
[2026-03-09 11:45:33] [WARNING] [app-05] CONNECTION_POOL: Database connection pool at 70%
[2026-03-04 14:45:33] [WARNING] [app-06] CPU_ELEVATED: CPU utilization exceeded 80%
[2026-03-10 23:45:33] [WARNING] [app-04] CPU_ELEVATED: CPU utilization exceeded 80%
[2026-03-06 02:45:33] [WARNING] [web-04] CPU_ELEVATED: CPU utilization exceeded 80%
[2026-03-10 11:45:33] [WARNING] [web-05] MEMORY_ELEVATED: Memory utilization exceeded 75%
[2026-03-13 16:45:33] [WARNING] [db-replica] CONNECTION_POOL: Database connection pool at 70%
[2026-03-13 21:45:33] [WARNING] [db-primary] MEMORY_ELEVATED: Memory utilization exceeded 75%
[2026-03-14 16:45:33] [WARNING] [web-02] CACHE_MISS: Cache miss rate elevated
[2026-03-13 18:45:33] [WARNING] [app-03] CACHE_MISS: Cache miss rate elevated
[2026-02-28 22:45:33] [WARNING] [web-02] CPU_ELEVATED: CPU utilization exceeded 80%
[2026-02-28 22:45:33] [WARNING] [app-02] CPU_ELEVATED: CPU utilization exceeded 80%
[2026-03-08 20:45:33] [WARNING] [app-02] DISK_SPACE: Disk usage exceeded 80%
[2026-02-23 18:45:33] [WARNING] [web-01] SLOW_RESPONSE: Response time degraded
[2026-03-07 07:45:33] [WARNING] [web-04] CPU_ELEVATED: CPU utilization exceeded 80%
[2026-03-12 19:45:33] [WARNING] [web-02] LOG_VOLUME: Log volume increased significantly
[2026-02-28 16:45:33] [WARNING] [db-primary] CPU_ELEVATED: CPU utilization exceeded 80%
[2026-03-14 16:45:33] [WARNING] [web-05] SLOW_RESPONSE: Response time degraded
[2026-03-18 17:45:33] [WARNING] [app-02] SLOW_RESPONSE: Response time degraded
[2026-03-21 20:45:33] [WARNING] [app-05] CACHE_MISS: Cache miss rate elevated
[2026-02-24 11:45:33] [WARNING] [web-04] CONNECTION_POOL: Database connection pool at 70%
[2026-03-23 21:45:33] [WARNING] [app-01] CONNECTION_POOL: Database connection pool at 70%
[2026-03-10 11:45:33] [WARNING] [db-replica] DISK_SPACE: Disk usage exceeded 80%
[2026-03-14 10:45:33] [WARNING] [web-03] CONNECTION_POOL: Database connection pool at 70%
[2026-03-15 15:45:33] [WARNING] [web-01] LOG_VOLUME: Log volume increased significantly
[2026-03-15 19:45:33] [WARNING] [app-02] MEMORY_ELEVATED: Memory utilization exceeded 75%
[2026-02-25 10:45:33] [WARNING] [app-02] CACHE_MISS: Cache miss rate elevated
[2026-02-23 12:45:33] [WARNING] [app-02] CONNECTION_POOL: Database connection pool at 70%
[2026-03-18 23:45:33] [WARNING] [db-replica] CACHE_MISS: Cache miss rate elevated
[2026-03-17 17:45:33] [WARNING] [app-03] MEMORY_ELEVATED: Memory utilization exceeded 75%
[2026-03-01 07:45:33] [WARNING] [web-01] CONNECTION_POOL: Database connection pool at 70%
[2026-03-12 12:45:33] [WARNING] [web-04] CPU_ELEVATED: CPU utilization exceeded 80%
[2026-03-15 19:45:33] [WARNING] [db-replica] CACHE_MISS: Cache miss rate elevated
[2026-03-16 17:45:33] [WARNING] [app-03] MEMORY_ELEVATED: Memory utilization exceeded 75%
[2026-03-21 07:45:33] [WARNING] [web-01] MEMORY_ELEVATED: Memory utilization exceeded 75%
[2026-03-07 09:45:33] [WARNING] [web-03] CPU_ELEVATED: CPU utilization exceeded 80%
[2026-03-24 10:45:33] [WARNING] [app-04] CONNECTION_POOL: Database connection pool at 70%
[2026-02-26 22:45:33] [WARNING] [web-01] CACHE_MISS: Cache miss rate elevated
[2026-03-23 00:45:33] [WARNING] [db-primary] MEMORY_ELEVATED: Memory utilization exceeded 75%
[2026-03-22 02:45:33] [WARNING] [app-03] CACHE_MISS: Cache miss rate elevated
[2026-02-24 08:45:33] [WARNING] [web-02] LOG_VOLUME: Log volume increased significantly
[2026-03-02 04:45:33] [WARNING] [app-06] LOG_VOLUME: Log volume increased significantly
[2026-03-05 06:45:33] [WARNING] [app-06] LOG_VOLUME: Log volume increased significantly
[2026-03-11 23:45:33] [WARNING] [web-01] CACHE_MISS: Cache miss rate elevated
[2026-03-12 23:45:33] [WARNING] [web-01] DISK_SPACE: Disk usage exceeded 80%
[2026-02-26 11:45:33] [WARNING] [db-primary] CONNECTION_POOL: Database connection pool at 70%
